{"level":"info","message":"********************************************************","timestamp":"2015-05-28T21:26:01.042Z"}
{"level":"info","message":"********************************************************","timestamp":"2015-05-28T21:26:01.042Z"}
{"level":"info","message":"********************************************************","timestamp":"2015-05-28T21:26:01.042Z"}
{"level":"info","message":"Eclipse sub_web server - high scores - start up process","timestamp":"2015-05-28T21:26:01.042Z"}
{"level":"info","message":"Express server mode initialized","timestamp":"2015-05-28T21:26:01.042Z"}
{"level":"info","message":"Initialize database connection","timestamp":"2015-05-28T21:26:01.042Z"}
{"level":"info","message":"Database connection initialized","timestamp":"2015-05-28T21:26:01.042Z"}
{"level":"info","message":"Database connection attempted","timestamp":"2015-05-28T21:26:01.042Z"}
{"level":"info","message":"using bodyParser()","timestamp":"2015-05-28T21:26:01.042Z"}
{"level":"info","message":"using bodyParser.text()","timestamp":"2015-05-28T21:26:01.088Z"}
{"level":"info","message":"initialize HTML directory","timestamp":"2015-05-28T21:26:01.088Z"}
{"level":"info","message":"initialized HTML directory","timestamp":"2015-05-28T21:26:01.088Z"}
{"level":"info","message":"Database connection success - connected","timestamp":"2015-05-28T21:26:01.104Z"}
{"level":"info","message":"********************************************************","timestamp":"2015-05-28T21:28:38.041Z"}
{"level":"info","message":"********************************************************","timestamp":"2015-05-28T21:28:38.041Z"}
{"level":"info","message":"********************************************************","timestamp":"2015-05-28T21:28:38.041Z"}
{"level":"info","message":"Eclipse sub_web server - high scores - start up process","timestamp":"2015-05-28T21:28:38.041Z"}
{"level":"info","message":"Express server mode initialized","timestamp":"2015-05-28T21:28:38.041Z"}
{"level":"info","message":"Initialize database connection","timestamp":"2015-05-28T21:28:38.041Z"}
{"level":"info","message":"Database connection initialized","timestamp":"2015-05-28T21:28:38.041Z"}
{"level":"info","message":"Database connection attempted","timestamp":"2015-05-28T21:28:38.041Z"}
{"level":"info","message":"using bodyParser()","timestamp":"2015-05-28T21:28:38.057Z"}
{"level":"info","message":"using bodyParser.text()","timestamp":"2015-05-28T21:28:38.103Z"}
{"level":"info","message":"initialize HTML directory","timestamp":"2015-05-28T21:28:38.103Z"}
{"level":"info","message":"initialized HTML directory","timestamp":"2015-05-28T21:28:38.103Z"}
{"level":"info","message":"Server running at http://172.31.16.218:8080/","timestamp":"2015-05-28T21:28:38.103Z"}
{"level":"info","message":"Database connection success - connected","timestamp":"2015-05-28T21:28:38.119Z"}
{"level":"info","message":"********************************************************","timestamp":"2015-05-28T21:29:23.047Z"}
{"level":"info","message":"********************************************************","timestamp":"2015-05-28T21:29:23.047Z"}
{"level":"info","message":"********************************************************","timestamp":"2015-05-28T21:29:23.047Z"}
{"level":"info","message":"Eclipse sub_web server - high scores - start up process","timestamp":"2015-05-28T21:29:23.047Z"}
{"level":"info","message":"Express server mode initialized","timestamp":"2015-05-28T21:29:23.047Z"}
{"level":"info","message":"Initialize database connection","timestamp":"2015-05-28T21:29:23.047Z"}
{"level":"info","message":"Database connection initialized","timestamp":"2015-05-28T21:29:23.063Z"}
{"level":"info","message":"Database connection attempted","timestamp":"2015-05-28T21:29:23.063Z"}
{"level":"info","message":"using bodyParser()","timestamp":"2015-05-28T21:29:23.063Z"}
{"level":"info","message":"using bodyParser.text()","timestamp":"2015-05-28T21:29:23.109Z"}
{"level":"info","message":"initialize HTML directory","timestamp":"2015-05-28T21:29:23.109Z"}
{"level":"info","message":"initialized HTML directory","timestamp":"2015-05-28T21:29:23.109Z"}
{"level":"info","message":"Server running at http://172.31.16.218:8080/","timestamp":"2015-05-28T21:29:23.109Z"}
{"level":"info","message":"Database connection success - connected","timestamp":"2015-05-28T21:29:23.125Z"}
{"level":"info","message":"********************************************************","timestamp":"2015-05-28T21:31:12.950Z"}
{"level":"info","message":"********************************************************","timestamp":"2015-05-28T21:31:12.950Z"}
{"level":"info","message":"********************************************************","timestamp":"2015-05-28T21:31:12.950Z"}
{"level":"info","message":"Eclipse sub_web server - high scores - start up process","timestamp":"2015-05-28T21:31:12.950Z"}
{"level":"info","message":"Express server mode initialized","timestamp":"2015-05-28T21:31:12.950Z"}
{"level":"info","message":"Initialize database connection","timestamp":"2015-05-28T21:31:12.950Z"}
{"level":"info","message":"Database connection initialized","timestamp":"2015-05-28T21:31:12.950Z"}
{"level":"info","message":"Database connection attempted","timestamp":"2015-05-28T21:31:12.950Z"}
{"level":"info","message":"using bodyParser()","timestamp":"2015-05-28T21:31:12.950Z"}
{"level":"info","message":"using bodyParser.text()","timestamp":"2015-05-28T21:31:12.996Z"}
{"level":"info","message":"initialize HTML directory","timestamp":"2015-05-28T21:31:12.996Z"}
{"level":"info","message":"initialized HTML directory","timestamp":"2015-05-28T21:31:12.996Z"}
{"level":"info","message":"Server running at http://172.31.16.218:8080/","timestamp":"2015-05-28T21:31:12.996Z"}
{"level":"info","message":"Database connection success - connected","timestamp":"2015-05-28T21:31:13.012Z"}
{"level":"info","message":"********************************************************","timestamp":"2015-05-28T21:32:43.415Z"}
{"level":"info","message":"********************************************************","timestamp":"2015-05-28T21:32:43.415Z"}
{"level":"info","message":"********************************************************","timestamp":"2015-05-28T21:32:43.415Z"}
{"level":"info","message":"Eclipse sub_web server - high scores - start up process","timestamp":"2015-05-28T21:32:43.415Z"}
{"level":"info","message":"Express server mode initialized","timestamp":"2015-05-28T21:32:43.415Z"}
{"level":"info","message":"Initialize database connection","timestamp":"2015-05-28T21:32:43.415Z"}
{"level":"info","message":"Database connection initialized","timestamp":"2015-05-28T21:32:43.415Z"}
{"level":"info","message":"Database connection attempted","timestamp":"2015-05-28T21:32:43.415Z"}
{"level":"info","message":"using bodyParser()","timestamp":"2015-05-28T21:32:43.431Z"}
{"level":"info","message":"using bodyParser.text()","timestamp":"2015-05-28T21:32:43.477Z"}
{"level":"info","message":"initialize HTML directory","timestamp":"2015-05-28T21:32:43.477Z"}
{"level":"info","message":"initialized HTML directory","timestamp":"2015-05-28T21:32:43.477Z"}
{"level":"info","message":"Server running at http://172.31.16.218:8080/","timestamp":"2015-05-28T21:32:43.477Z"}
{"level":"info","message":"Database connection success - connected","timestamp":"2015-05-28T21:32:43.493Z"}
{"level":"info","message":"********************************************************","timestamp":"2015-05-28T21:37:34.747Z"}
{"level":"info","message":"********************************************************","timestamp":"2015-05-28T21:37:34.763Z"}
{"level":"info","message":"********************************************************","timestamp":"2015-05-28T21:37:34.763Z"}
{"level":"info","message":"Eclipse sub_web server - high scores - start up process","timestamp":"2015-05-28T21:37:34.763Z"}
{"level":"info","message":"Express server mode initialized","timestamp":"2015-05-28T21:37:34.763Z"}
{"level":"info","message":"Initialize database connection","timestamp":"2015-05-28T21:37:34.763Z"}
{"level":"info","message":"Database connection initialized","timestamp":"2015-05-28T21:37:34.763Z"}
{"level":"info","message":"Database connection attempted","timestamp":"2015-05-28T21:37:34.763Z"}
{"level":"info","message":"using bodyParser()","timestamp":"2015-05-28T21:37:34.763Z"}
{"level":"info","message":"using bodyParser.text()","timestamp":"2015-05-28T21:37:34.809Z"}
{"level":"info","message":"initialize HTML directory","timestamp":"2015-05-28T21:37:34.809Z"}
{"level":"info","message":"initialized HTML directory","timestamp":"2015-05-28T21:37:34.809Z"}
{"level":"info","message":"Server running at http://172.31.16.218:8080/","timestamp":"2015-05-28T21:37:34.825Z"}
{"level":"info","message":"Database connection success - connected","timestamp":"2015-05-28T21:37:34.825Z"}
{"level":"info","message":"********************************************************","timestamp":"2015-05-29T07:13:47.532Z"}
{"level":"info","message":"********************************************************","timestamp":"2015-05-29T07:13:47.548Z"}
{"level":"info","message":"********************************************************","timestamp":"2015-05-29T07:13:47.548Z"}
{"level":"info","message":"Eclipse sub_web server - high scores - start up process","timestamp":"2015-05-29T07:13:47.548Z"}
{"level":"info","message":"Express server mode initialized","timestamp":"2015-05-29T07:13:47.548Z"}
{"level":"info","message":"Initialize database connection","timestamp":"2015-05-29T07:13:47.548Z"}
{"level":"info","message":"Database connection initialized","timestamp":"2015-05-29T07:13:47.548Z"}
{"level":"info","message":"Database connection attempted","timestamp":"2015-05-29T07:13:47.548Z"}
{"level":"info","message":"using bodyParser()","timestamp":"2015-05-29T07:13:47.548Z"}
{"level":"info","message":"using bodyParser.text()","timestamp":"2015-05-29T07:13:47.657Z"}
{"level":"info","message":"initialize HTML directory","timestamp":"2015-05-29T07:13:47.657Z"}
{"level":"info","message":"initialized HTML directory","timestamp":"2015-05-29T07:13:47.657Z"}
{"level":"info","message":"Server running at http://172.31.16.218:8080/","timestamp":"2015-05-29T07:13:47.657Z"}
{"level":"info","message":"Database connection success - connected","timestamp":"2015-05-29T07:13:47.751Z"}
{"level":"info","message":"In game POST update highscores request recieved","timestamp":"2015-05-29T07:13:50.668Z"}
{"level":"info","message":"highscores update request recieved from IP:172.31.16.218 for user: user1","timestamp":"2015-05-29T07:13:50.668Z"}
{"level":"info","message":"searching for user:  user1","timestamp":"2015-05-29T07:13:50.668Z"}
{"level":"info","message":"********************************************************","timestamp":"2015-05-29T07:43:29.781Z"}
{"level":"info","message":"********************************************************","timestamp":"2015-05-29T07:43:29.781Z"}
{"level":"info","message":"********************************************************","timestamp":"2015-05-29T07:43:29.781Z"}
{"level":"info","message":"Eclipse sub_web server - high scores - start up process","timestamp":"2015-05-29T07:43:29.781Z"}
{"level":"info","message":"Express server mode initialized","timestamp":"2015-05-29T07:43:29.781Z"}
{"level":"info","message":"Initialize database connection","timestamp":"2015-05-29T07:43:29.781Z"}
{"level":"info","message":"Database connection initialized","timestamp":"2015-05-29T07:43:29.781Z"}
{"level":"info","message":"Database connection attempted","timestamp":"2015-05-29T07:43:29.781Z"}
{"level":"info","message":"using bodyParser()","timestamp":"2015-05-29T07:43:29.797Z"}
{"level":"info","message":"using bodyParser.text()","timestamp":"2015-05-29T07:43:29.843Z"}
{"level":"info","message":"initialize HTML directory","timestamp":"2015-05-29T07:43:29.843Z"}
{"level":"info","message":"initialized HTML directory","timestamp":"2015-05-29T07:43:29.843Z"}
{"level":"info","message":"Server running at http://172.31.16.218:8080/","timestamp":"2015-05-29T07:43:29.843Z"}
{"level":"info","message":"Database connection success - connected","timestamp":"2015-05-29T07:43:29.859Z"}
{"level":"info","message":"********************************************************","timestamp":"2015-05-29T11:28:43.391Z"}
{"level":"info","message":"********************************************************","timestamp":"2015-05-29T11:28:43.391Z"}
{"level":"info","message":"********************************************************","timestamp":"2015-05-29T11:28:43.391Z"}
{"level":"info","message":"Eclipse sub_web server - high scores - start up process","timestamp":"2015-05-29T11:28:43.391Z"}
{"level":"info","message":"Express server mode initialized","timestamp":"2015-05-29T11:28:43.391Z"}
{"level":"info","message":"Initialize database connection","timestamp":"2015-05-29T11:28:43.391Z"}
{"level":"info","message":"Database connection initialized","timestamp":"2015-05-29T11:28:43.391Z"}
{"level":"info","message":"Database connection attempted","timestamp":"2015-05-29T11:28:43.391Z"}
{"level":"info","message":"using bodyParser()","timestamp":"2015-05-29T11:28:43.391Z"}
{"level":"info","message":"using bodyParser.text()","timestamp":"2015-05-29T11:28:43.437Z"}
{"level":"info","message":"initialize HTML directory","timestamp":"2015-05-29T11:28:43.437Z"}
{"level":"info","message":"initialized HTML directory","timestamp":"2015-05-29T11:28:43.453Z"}
{"level":"info","message":"Server running at http://172.31.16.218:8080/","timestamp":"2015-05-29T11:28:43.453Z"}
{"level":"info","message":"Database connection success - connected","timestamp":"2015-05-29T11:28:43.453Z"}
{"level":"info","message":"********************************************************","timestamp":"2015-05-29T16:23:34.576Z"}
{"level":"info","message":"********************************************************","timestamp":"2015-05-29T16:23:34.576Z"}
{"level":"info","message":"********************************************************","timestamp":"2015-05-29T16:23:34.576Z"}
{"level":"info","message":"Eclipse sub_web server - high scores - start up process","timestamp":"2015-05-29T16:23:34.576Z"}
{"level":"info","message":"Express server mode initialized","timestamp":"2015-05-29T16:23:34.576Z"}
{"level":"info","message":"Initialize database connection","timestamp":"2015-05-29T16:23:34.576Z"}
{"level":"info","message":"Database connection initialized","timestamp":"2015-05-29T16:23:34.576Z"}
{"level":"info","message":"Database connection attempted","timestamp":"2015-05-29T16:23:34.576Z"}
{"level":"info","message":"using bodyParser()","timestamp":"2015-05-29T16:23:34.591Z"}
{"level":"info","message":"using bodyParser.text()","timestamp":"2015-05-29T16:23:34.638Z"}
{"level":"info","message":"initialize HTML directory","timestamp":"2015-05-29T16:23:34.638Z"}
{"level":"info","message":"initialized HTML directory","timestamp":"2015-05-29T16:23:34.638Z"}
{"level":"info","message":"Server running at http://172.31.16.218:8080/","timestamp":"2015-05-29T16:23:34.638Z"}
{"level":"info","message":"Database connection success - connected","timestamp":"2015-05-29T16:23:34.654Z"}
{"level":"info","message":"********************************************************","timestamp":"2015-05-30T07:26:14.269Z"}
{"level":"info","message":"********************************************************","timestamp":"2015-05-30T07:26:14.269Z"}
{"level":"info","message":"********************************************************","timestamp":"2015-05-30T07:26:14.269Z"}
{"level":"info","message":"Eclipse sub_web server - high scores - start up process","timestamp":"2015-05-30T07:26:14.269Z"}
{"level":"info","message":"Express server mode initialized","timestamp":"2015-05-30T07:26:14.269Z"}
{"level":"info","message":"Initialize database connection","timestamp":"2015-05-30T07:26:14.269Z"}
{"level":"info","message":"Database connection initialized","timestamp":"2015-05-30T07:26:14.269Z"}
{"level":"info","message":"Database connection attempted","timestamp":"2015-05-30T07:26:14.269Z"}
{"level":"info","message":"using bodyParser()","timestamp":"2015-05-30T07:26:14.285Z"}
{"level":"info","message":"using bodyParser.text()","timestamp":"2015-05-30T07:26:14.331Z"}
{"level":"info","message":"initialize HTML directory","timestamp":"2015-05-30T07:26:14.331Z"}
{"level":"info","message":"initialized HTML directory","timestamp":"2015-05-30T07:26:14.331Z"}
{"level":"info","message":"Server running at http://172.31.16.218:8080/","timestamp":"2015-05-30T07:26:14.331Z"}
{"level":"info","message":"Database connection success - connected","timestamp":"2015-05-30T07:26:14.347Z"}
{"level":"info","message":"********************************************************","timestamp":"2015-05-30T08:03:02.994Z"}
{"level":"info","message":"********************************************************","timestamp":"2015-05-30T08:03:02.994Z"}
{"level":"info","message":"********************************************************","timestamp":"2015-05-30T08:03:02.994Z"}
{"level":"info","message":"Eclipse sub_web server - high scores - start up process","timestamp":"2015-05-30T08:03:02.994Z"}
{"level":"info","message":"Express server mode initialized","timestamp":"2015-05-30T08:03:02.994Z"}
{"level":"info","message":"Initialize database connection","timestamp":"2015-05-30T08:03:02.994Z"}
{"level":"info","message":"Database connection initialized","timestamp":"2015-05-30T08:03:02.994Z"}
{"level":"info","message":"Database connection attempted","timestamp":"2015-05-30T08:03:02.994Z"}
{"level":"info","message":"using bodyParser()","timestamp":"2015-05-30T08:03:03.009Z"}
{"level":"info","message":"using bodyParser.text()","timestamp":"2015-05-30T08:03:03.056Z"}
{"level":"info","message":"initialize HTML directory","timestamp":"2015-05-30T08:03:03.056Z"}
{"level":"info","message":"initialized HTML directory","timestamp":"2015-05-30T08:03:03.056Z"}
{"level":"info","message":"Server running at http://172.31.16.218:8080/","timestamp":"2015-05-30T08:03:03.056Z"}
{"level":"info","message":"Database connection success - connected","timestamp":"2015-05-30T08:03:03.072Z"}
{"level":"info","message":"********************************************************","timestamp":"2015-05-30T08:26:47.018Z"}
{"level":"info","message":"********************************************************","timestamp":"2015-05-30T08:26:47.033Z"}
{"level":"info","message":"********************************************************","timestamp":"2015-05-30T08:26:47.033Z"}
{"level":"info","message":"Eclipse sub_web server - high scores - start up process","timestamp":"2015-05-30T08:26:47.033Z"}
{"level":"info","message":"Express server mode initialized","timestamp":"2015-05-30T08:26:47.033Z"}
{"level":"info","message":"Initialize database connection","timestamp":"2015-05-30T08:26:47.033Z"}
{"level":"info","message":"Database connection initialized","timestamp":"2015-05-30T08:26:47.033Z"}
{"level":"info","message":"Database connection attempted","timestamp":"2015-05-30T08:26:47.033Z"}
{"level":"info","message":"using bodyParser()","timestamp":"2015-05-30T08:26:47.033Z"}
{"level":"info","message":"using bodyParser.text()","timestamp":"2015-05-30T08:26:47.080Z"}
{"level":"info","message":"initialize HTML directory","timestamp":"2015-05-30T08:26:47.080Z"}
{"level":"info","message":"initialized HTML directory","timestamp":"2015-05-30T08:26:47.080Z"}
{"level":"info","message":"Server running at http://172.31.16.218:8080/","timestamp":"2015-05-30T08:26:47.080Z"}
{"level":"info","message":"Database connection success - connected","timestamp":"2015-05-30T08:26:47.096Z"}
{"level":"info","message":"********************************************************","timestamp":"2015-05-30T10:37:07.661Z"}
{"level":"info","message":"********************************************************","timestamp":"2015-05-30T10:37:07.661Z"}
{"level":"info","message":"********************************************************","timestamp":"2015-05-30T10:37:07.661Z"}
{"level":"info","message":"Eclipse sub_web server - high scores - start up process","timestamp":"2015-05-30T10:37:07.661Z"}
{"level":"info","message":"Express server mode initialized","timestamp":"2015-05-30T10:37:07.661Z"}
{"level":"info","message":"Initialize database connection","timestamp":"2015-05-30T10:37:07.661Z"}
{"level":"info","message":"Database connection initialized","timestamp":"2015-05-30T10:37:07.677Z"}
{"level":"info","message":"Database connection attempted","timestamp":"2015-05-30T10:37:07.677Z"}
{"level":"info","message":"using bodyParser()","timestamp":"2015-05-30T10:37:07.677Z"}
{"level":"info","message":"using bodyParser.text()","timestamp":"2015-05-30T10:37:07.723Z"}
{"level":"info","message":"initialize HTML directory","timestamp":"2015-05-30T10:37:07.723Z"}
{"level":"info","message":"initialized HTML directory","timestamp":"2015-05-30T10:37:07.723Z"}
{"level":"info","message":"Server running at http://172.31.16.218:8080/","timestamp":"2015-05-30T10:37:07.723Z"}
{"level":"info","message":"Database connection success - connected","timestamp":"2015-05-30T10:37:07.755Z"}
{"level":"info","message":"In game POST update highscores request recieved","timestamp":"2015-05-30T10:43:11.471Z"}
{"level":"info","message":"highscores update request recieved from IP:87.69.7.242 for user: user1","timestamp":"2015-05-30T10:43:11.471Z"}
{"level":"info","message":"searching for user:  user1","timestamp":"2015-05-30T10:43:11.471Z"}
{"level":"info","message":"********************************************************","timestamp":"2015-05-30T10:55:48.497Z"}
{"level":"info","message":"********************************************************","timestamp":"2015-05-30T10:55:48.513Z"}
{"level":"info","message":"********************************************************","timestamp":"2015-05-30T10:55:48.513Z"}
{"level":"info","message":"Eclipse sub_web server - high scores - start up process","timestamp":"2015-05-30T10:55:48.513Z"}
{"level":"info","message":"Express server mode initialized","timestamp":"2015-05-30T10:55:48.513Z"}
{"level":"info","message":"Initialize database connection","timestamp":"2015-05-30T10:55:48.513Z"}
{"level":"info","message":"Database connection initialized","timestamp":"2015-05-30T10:55:48.513Z"}
{"level":"info","message":"Database connection attempted","timestamp":"2015-05-30T10:55:48.513Z"}
{"level":"info","message":"using bodyParser()","timestamp":"2015-05-30T10:55:48.513Z"}
{"level":"info","message":"using bodyParser.text()","timestamp":"2015-05-30T10:55:48.559Z"}
{"level":"info","message":"initialize HTML directory","timestamp":"2015-05-30T10:55:48.575Z"}
{"level":"info","message":"initialized HTML directory","timestamp":"2015-05-30T10:55:48.575Z"}
{"level":"info","message":"Server running at http://172.31.16.218:8080/","timestamp":"2015-05-30T10:55:48.575Z"}
{"level":"info","message":"Database connection success - connected","timestamp":"2015-05-30T10:55:48.591Z"}
{"level":"info","message":"In game POST update highscores request recieved        user1  7  8","timestamp":"2015-05-30T10:55:57.358Z"}
{"level":"info","message":"highscores update request recieved from IP:87.69.7.242 for user: user1","timestamp":"2015-05-30T10:55:57.358Z"}
{"level":"info","message":"searching for user:  user1","timestamp":"2015-05-30T10:55:57.358Z"}
{"level":"info","message":"select user query executed successfully","timestamp":"2015-05-30T10:55:57.358Z"}
{"level":"info","message":"single user returned - gettting user ID","timestamp":"2015-05-30T10:55:57.358Z"}
{"level":"info","message":"getting user row from HS table 1","timestamp":"2015-05-30T10:55:57.358Z"}
{"level":"info","message":"select HS row query successful","timestamp":"2015-05-30T10:55:57.358Z"}
{"level":"info","message":"single user returned","timestamp":"2015-05-30T10:55:57.358Z"}
{"level":"info","message":"Time to perform the update new values are:  80  70","timestamp":"2015-05-30T10:55:57.358Z"}
{"level":"info","message":"highscores were updated for user user1","timestamp":"2015-05-30T10:55:57.373Z"}
{"level":"info","message":"********************************************************","timestamp":"2015-05-30T11:06:16.323Z"}
{"level":"info","message":"********************************************************","timestamp":"2015-05-30T11:06:16.323Z"}
{"level":"info","message":"********************************************************","timestamp":"2015-05-30T11:06:16.323Z"}
{"level":"info","message":"Eclipse sub_web server - high scores - start up process","timestamp":"2015-05-30T11:06:16.323Z"}
{"level":"info","message":"Express server mode initialized","timestamp":"2015-05-30T11:06:16.323Z"}
{"level":"info","message":"Initialize database connection","timestamp":"2015-05-30T11:06:16.323Z"}
{"level":"info","message":"Database connection initialized","timestamp":"2015-05-30T11:06:16.323Z"}
{"level":"info","message":"Database connection attempted","timestamp":"2015-05-30T11:06:16.323Z"}
{"level":"info","message":"using bodyParser()","timestamp":"2015-05-30T11:06:16.339Z"}
{"level":"info","message":"using bodyParser.text()","timestamp":"2015-05-30T11:06:16.385Z"}
{"level":"info","message":"initialize HTML directory","timestamp":"2015-05-30T11:06:16.385Z"}
{"level":"info","message":"initialized HTML directory","timestamp":"2015-05-30T11:06:16.385Z"}
{"level":"info","message":"Server running at http://172.31.16.218:8080/","timestamp":"2015-05-30T11:06:16.385Z"}
{"level":"info","message":"Database connection success - connected","timestamp":"2015-05-30T11:06:16.401Z"}
{"level":"info","message":"In game POST update highscores request recieved        user1  7  8","timestamp":"2015-05-30T11:06:22.189Z"}
{"level":"info","message":"highscores update request recieved from IP:87.69.7.242 for user: user1","timestamp":"2015-05-30T11:06:22.189Z"}
{"level":"info","message":"searching for user:  user1","timestamp":"2015-05-30T11:06:22.189Z"}
{"level":"info","message":"select user query executed successfully","timestamp":"2015-05-30T11:06:22.189Z"}
{"level":"info","message":"single user returned - gettting user ID","timestamp":"2015-05-30T11:06:22.204Z"}
{"level":"info","message":"getting user row from HS table 1","timestamp":"2015-05-30T11:06:22.204Z"}
{"level":"info","message":"select HS row query successful","timestamp":"2015-05-30T11:06:22.204Z"}
{"level":"info","message":"single user returned","timestamp":"2015-05-30T11:06:22.204Z"}
{"level":"info","message":"Time to perform the update new values are:  8  7","timestamp":"2015-05-30T11:06:22.204Z"}
{"level":"info","message":"highscores were updated for user user1","timestamp":"2015-05-30T11:06:22.204Z"}
{"level":"info","message":"********************************************************","timestamp":"2015-05-30T11:07:59.642Z"}
{"level":"info","message":"********************************************************","timestamp":"2015-05-30T11:07:59.658Z"}
{"level":"info","message":"********************************************************","timestamp":"2015-05-30T11:07:59.658Z"}
{"level":"info","message":"Eclipse sub_web server - high scores - start up process","timestamp":"2015-05-30T11:07:59.658Z"}
{"level":"info","message":"Express server mode initialized","timestamp":"2015-05-30T11:07:59.658Z"}
{"level":"info","message":"Initialize database connection","timestamp":"2015-05-30T11:07:59.658Z"}
{"level":"info","message":"Database connection initialized","timestamp":"2015-05-30T11:07:59.658Z"}
{"level":"info","message":"Database connection attempted","timestamp":"2015-05-30T11:07:59.658Z"}
{"level":"info","message":"using bodyParser()","timestamp":"2015-05-30T11:07:59.658Z"}
{"level":"info","message":"using bodyParser.text()","timestamp":"2015-05-30T11:07:59.704Z"}
{"level":"info","message":"initialize HTML directory","timestamp":"2015-05-30T11:07:59.704Z"}
{"level":"info","message":"initialized HTML directory","timestamp":"2015-05-30T11:07:59.704Z"}
{"level":"info","message":"Server running at http://172.31.16.218:8080/","timestamp":"2015-05-30T11:07:59.704Z"}
{"level":"info","message":"Database connection success - connected","timestamp":"2015-05-30T11:07:59.720Z"}
{"level":"info","message":"In game POST update highscores request recieved        user1  7  8","timestamp":"2015-05-30T11:08:17.473Z"}
{"level":"info","message":"highscores update request recieved from IP:87.69.7.242 for user: user1","timestamp":"2015-05-30T11:08:17.473Z"}
{"level":"info","message":"searching for user:  user1","timestamp":"2015-05-30T11:08:17.473Z"}
{"level":"info","message":"select user query executed successfully","timestamp":"2015-05-30T11:08:17.473Z"}
{"level":"info","message":"single user returned - gettting user ID","timestamp":"2015-05-30T11:08:17.473Z"}
{"level":"info","message":"getting user row from HS table 1","timestamp":"2015-05-30T11:08:17.473Z"}
{"level":"info","message":"select HS row query successful","timestamp":"2015-05-30T11:08:17.473Z"}
{"level":"info","message":"single user returned","timestamp":"2015-05-30T11:08:17.473Z"}
{"level":"info","message":"Time to perform the update new values are:  8  14","timestamp":"2015-05-30T11:08:17.473Z"}
{"level":"info","message":"highscores were updated for user user1","timestamp":"2015-05-30T11:08:17.488Z"}
{"level":"info","message":"In game POST update highscores request recieved        user1  7  8","timestamp":"2015-05-30T11:09:09.173Z"}
{"level":"info","message":"highscores update request recieved from IP:87.69.7.242 for user: user1","timestamp":"2015-05-30T11:09:09.173Z"}
{"level":"info","message":"searching for user:  user1","timestamp":"2015-05-30T11:09:09.173Z"}
{"level":"info","message":"select user query executed successfully","timestamp":"2015-05-30T11:09:09.173Z"}
{"level":"info","message":"single user returned - gettting user ID","timestamp":"2015-05-30T11:09:09.173Z"}
{"level":"info","message":"getting user row from HS table 1","timestamp":"2015-05-30T11:09:09.173Z"}
{"level":"info","message":"select HS row query successful","timestamp":"2015-05-30T11:09:09.173Z"}
{"level":"info","message":"single user returned","timestamp":"2015-05-30T11:09:09.173Z"}
{"level":"info","message":"Time to perform the update new values are:  8  7","timestamp":"2015-05-30T11:09:09.173Z"}
{"level":"info","message":"highscores were updated for user user1","timestamp":"2015-05-30T11:09:09.173Z"}
{"level":"info","message":"********************************************************","timestamp":"2015-05-30T11:10:32.134Z"}
{"level":"info","message":"********************************************************","timestamp":"2015-05-30T11:10:32.134Z"}
{"level":"info","message":"********************************************************","timestamp":"2015-05-30T11:10:32.134Z"}
{"level":"info","message":"Eclipse sub_web server - high scores - start up process","timestamp":"2015-05-30T11:10:32.134Z"}
{"level":"info","message":"Express server mode initialized","timestamp":"2015-05-30T11:10:32.134Z"}
{"level":"info","message":"Initialize database connection","timestamp":"2015-05-30T11:10:32.134Z"}
{"level":"info","message":"Database connection initialized","timestamp":"2015-05-30T11:10:32.149Z"}
{"level":"info","message":"Database connection attempted","timestamp":"2015-05-30T11:10:32.149Z"}
{"level":"info","message":"using bodyParser()","timestamp":"2015-05-30T11:10:32.149Z"}
{"level":"info","message":"using bodyParser.text()","timestamp":"2015-05-30T11:10:32.196Z"}
{"level":"info","message":"initialize HTML directory","timestamp":"2015-05-30T11:10:32.196Z"}
{"level":"info","message":"initialized HTML directory","timestamp":"2015-05-30T11:10:32.196Z"}
{"level":"info","message":"Server running at http://172.31.16.218:8080/","timestamp":"2015-05-30T11:10:32.196Z"}
{"level":"info","message":"Database connection success - connected","timestamp":"2015-05-30T11:10:32.212Z"}
{"level":"info","message":"In game POST update highscores request recieved        user1  7  8","timestamp":"2015-05-30T11:10:39.247Z"}
{"level":"info","message":"highscores update request recieved from IP:87.69.7.242 for user: user1","timestamp":"2015-05-30T11:10:39.247Z"}
{"level":"info","message":"searching for user:  user1","timestamp":"2015-05-30T11:10:39.247Z"}
{"level":"info","message":"select user query executed successfully","timestamp":"2015-05-30T11:10:39.247Z"}
{"level":"info","message":"single user returned - gettting user ID","timestamp":"2015-05-30T11:10:39.247Z"}
{"level":"info","message":"getting user row from HS table 1","timestamp":"2015-05-30T11:10:39.247Z"}
{"level":"info","message":"select HS row query successful","timestamp":"2015-05-30T11:10:39.247Z"}
{"level":"info","message":"single user returned","timestamp":"2015-05-30T11:10:39.247Z"}
{"level":"info","message":"Time to perform the update new values are:  8  7","timestamp":"2015-05-30T11:10:39.247Z"}
{"level":"info","message":"highscores were updated for user user1","timestamp":"2015-05-30T11:10:39.247Z"}
{"level":"info","message":"In game POST update highscores request recieved        user1  7  8","timestamp":"2015-05-30T11:11:18.372Z"}
{"level":"info","message":"highscores update request recieved from IP:87.69.7.242 for user: user1","timestamp":"2015-05-30T11:11:18.372Z"}
{"level":"info","message":"searching for user:  user1","timestamp":"2015-05-30T11:11:18.372Z"}
{"level":"info","message":"select user query executed successfully","timestamp":"2015-05-30T11:11:18.372Z"}
{"level":"info","message":"single user returned - gettting user ID","timestamp":"2015-05-30T11:11:18.372Z"}
{"level":"info","message":"getting user row from HS table 1","timestamp":"2015-05-30T11:11:18.372Z"}
{"level":"info","message":"select HS row query successful","timestamp":"2015-05-30T11:11:18.372Z"}
{"level":"info","message":"single user returned","timestamp":"2015-05-30T11:11:18.372Z"}
{"level":"info","message":"Time to perform the update new values are:  16  14","timestamp":"2015-05-30T11:11:18.372Z"}
{"level":"info","message":"highscores were updated for user user1","timestamp":"2015-05-30T11:11:18.372Z"}
{"level":"info","message":"********************************************************","timestamp":"2015-05-31T08:25:25.976Z"}
{"level":"info","message":"********************************************************","timestamp":"2015-05-31T08:25:25.992Z"}
{"level":"info","message":"********************************************************","timestamp":"2015-05-31T08:25:25.992Z"}
{"level":"info","message":"Eclipse sub_web server - high scores - start up process","timestamp":"2015-05-31T08:25:25.992Z"}
{"level":"info","message":"Express server mode initialized","timestamp":"2015-05-31T08:25:25.992Z"}
{"level":"info","message":"Initialize database connection","timestamp":"2015-05-31T08:25:25.992Z"}
{"level":"info","message":"Database connection initialized","timestamp":"2015-05-31T08:25:25.992Z"}
{"level":"info","message":"Database connection attempted","timestamp":"2015-05-31T08:25:25.992Z"}
{"level":"info","message":"using bodyParser()","timestamp":"2015-05-31T08:25:25.992Z"}
{"level":"info","message":"using bodyParser.text()","timestamp":"2015-05-31T08:25:26.085Z"}
{"level":"info","message":"initialize HTML directory","timestamp":"2015-05-31T08:25:26.085Z"}
{"level":"info","message":"initialized HTML directory","timestamp":"2015-05-31T08:25:26.085Z"}
{"level":"info","message":"Server running at http://172.31.16.218:8080/","timestamp":"2015-05-31T08:25:26.101Z"}
{"level":"info","message":"Database connection success - connected","timestamp":"2015-05-31T08:25:26.210Z"}
{"level":"info","message":"********************************************************","timestamp":"2015-06-07T19:32:46.489Z"}
{"level":"info","message":"********************************************************","timestamp":"2015-06-07T19:32:46.489Z"}
{"level":"info","message":"********************************************************","timestamp":"2015-06-07T19:32:46.489Z"}
{"level":"info","message":"Eclipse sub_web server - high scores - start up process","timestamp":"2015-06-07T19:32:46.489Z"}
{"level":"info","message":"Express server mode initialized","timestamp":"2015-06-07T19:32:46.489Z"}
{"level":"info","message":"Initialize database connection","timestamp":"2015-06-07T19:32:46.489Z"}
{"level":"info","message":"Database connection initialized","timestamp":"2015-06-07T19:32:46.489Z"}
{"level":"info","message":"Database connection attempted","timestamp":"2015-06-07T19:32:46.489Z"}
{"level":"info","message":"using bodyParser()","timestamp":"2015-06-07T19:32:46.489Z"}
{"level":"info","message":"using bodyParser.text()","timestamp":"2015-06-07T19:32:46.598Z"}
{"level":"info","message":"initialize HTML directory","timestamp":"2015-06-07T19:32:46.614Z"}
{"level":"info","message":"initialized HTML directory","timestamp":"2015-06-07T19:32:46.614Z"}
{"level":"info","message":"Server running at http://172.31.16.218:8080/","timestamp":"2015-06-07T19:32:46.614Z"}
{"level":"info","message":"Database connection success - connected","timestamp":"2015-06-07T19:32:46.630Z"}
{"level":"info","message":"********************************************************","timestamp":"2015-06-24T16:35:54.621Z"}
{"level":"info","message":"********************************************************","timestamp":"2015-06-24T16:35:54.621Z"}
{"level":"info","message":"********************************************************","timestamp":"2015-06-24T16:35:54.621Z"}
{"level":"info","message":"Eclipse sub_web server - high scores - start up process","timestamp":"2015-06-24T16:35:54.621Z"}
{"level":"info","message":"Express server mode initialized","timestamp":"2015-06-24T16:35:54.621Z"}
{"level":"info","message":"Initialize database connection","timestamp":"2015-06-24T16:35:54.621Z"}
{"level":"info","message":"Database connection initialized","timestamp":"2015-06-24T16:35:54.621Z"}
{"level":"info","message":"Database connection attempted","timestamp":"2015-06-24T16:35:54.621Z"}
{"level":"info","message":"using bodyParser()","timestamp":"2015-06-24T16:35:54.636Z"}
{"level":"info","message":"using bodyParser.text()","timestamp":"2015-06-24T16:35:54.745Z"}
{"level":"info","message":"initialize HTML directory","timestamp":"2015-06-24T16:35:54.745Z"}
{"level":"info","message":"initialized HTML directory","timestamp":"2015-06-24T16:35:54.745Z"}
{"level":"info","message":"Server running at http://172.31.16.218:8080/","timestamp":"2015-06-24T16:35:54.745Z"}
{"level":"info","message":"Database connection success - connected","timestamp":"2015-06-24T16:35:54.855Z"}
{"date":"Thu Jun 25 2015 00:35:55 GMT+0000 (Coordinated Universal Time)","process":{"pid":3556,"uid":null,"gid":null,"cwd":"C:\\Users\\Administrator\\Documents\\node-app","execPath":"C:\\Program Files (x86)\\nodejs\\node.exe","version":"v0.12.2","argv":["node","C:\\Users\\Administrator\\Documents\\node-app\\eclipse_gamestats_server.js"],"memoryUsage":{"rss":29495296,"heapTotal":19831808,"heapUsed":11195824}},"os":{"loadavg":[0,0,0],"uptime":1537175.6333329},"trace":[{"column":13,"file":"C:\\Users\\Administrator\\Documents\\node-app\\node_modules\\mysql\\lib\\protocol\\Protocol.js","function":"Protocol.end","line":103,"method":"end","native":false},{"column":28,"file":"C:\\Users\\Administrator\\Documents\\node-app\\node_modules\\mysql\\lib\\Connection.js","function":"","line":98,"method":null,"native":false},{"column":20,"file":"events.js","function":"Socket.emit","line":129,"method":"emit","native":false},{"column":16,"file":"_stream_readable.js","function":null,"line":908,"method":null,"native":false},{"column":11,"file":"node.js","function":"process._tickCallback","line":355,"method":"_tickCallback","native":false}],"stack":["Error: Connection lost: The server closed the connection.","    at Protocol.end (C:\\Users\\Administrator\\Documents\\node-app\\node_modules\\mysql\\lib\\protocol\\Protocol.js:103:13)","    at Socket.<anonymous> (C:\\Users\\Administrator\\Documents\\node-app\\node_modules\\mysql\\lib\\Connection.js:98:28)","    at Socket.emit (events.js:129:20)","    at _stream_readable.js:908:16","    at process._tickCallback (node.js:355:11)"],"level":"error","message":"uncaughtException: Connection lost: The server closed the connection.","timestamp":"2015-06-25T00:35:55.603Z"}
{"level":"info","message":"********************************************************","timestamp":"2015-06-30T05:15:22.732Z"}
{"level":"info","message":"********************************************************","timestamp":"2015-06-30T05:15:22.732Z"}
{"level":"info","message":"********************************************************","timestamp":"2015-06-30T05:15:22.732Z"}
{"level":"info","message":"Eclipse sub_web server - high scores - start up process","timestamp":"2015-06-30T05:15:22.732Z"}
{"level":"info","message":"Express server mode initialized","timestamp":"2015-06-30T05:15:22.732Z"}
{"level":"info","message":"Initialize database connection","timestamp":"2015-06-30T05:15:22.732Z"}
{"level":"info","message":"Database connection initialized","timestamp":"2015-06-30T05:15:22.732Z"}
{"level":"info","message":"Database connection attempted","timestamp":"2015-06-30T05:15:22.732Z"}
{"level":"info","message":"using bodyParser()","timestamp":"2015-06-30T05:15:22.748Z"}
{"level":"info","message":"using bodyParser.text()","timestamp":"2015-06-30T05:15:22.794Z"}
{"level":"info","message":"initialize HTML directory","timestamp":"2015-06-30T05:15:22.794Z"}
{"level":"info","message":"initialized HTML directory","timestamp":"2015-06-30T05:15:22.794Z"}
{"level":"info","message":"Server running at http://172.31.16.218:8080/","timestamp":"2015-06-30T05:15:22.794Z"}
{"level":"info","message":"Database connection success - connected","timestamp":"2015-06-30T05:15:22.810Z"}
{"date":"Tue Jun 30 2015 13:15:23 GMT+0000 (Coordinated Universal Time)","process":{"pid":2576,"uid":null,"gid":null,"cwd":"C:\\Users\\Administrator\\Documents\\node-app","execPath":"C:\\Program Files (x86)\\nodejs\\node.exe","version":"v0.12.2","argv":["node","C:\\Users\\Administrator\\Documents\\node-app\\eclipse_gamestats_server.js"],"memoryUsage":{"rss":20373504,"heapTotal":19831808,"heapUsed":11145320}},"os":{"loadavg":[0,0,0],"uptime":2014757.734337},"trace":[{"column":13,"file":"C:\\Users\\Administrator\\Documents\\node-app\\node_modules\\mysql\\lib\\protocol\\Protocol.js","function":"Protocol.end","line":103,"method":"end","native":false},{"column":28,"file":"C:\\Users\\Administrator\\Documents\\node-app\\node_modules\\mysql\\lib\\Connection.js","function":"","line":98,"method":null,"native":false},{"column":20,"file":"events.js","function":"Socket.emit","line":129,"method":"emit","native":false},{"column":16,"file":"_stream_readable.js","function":null,"line":908,"method":null,"native":false},{"column":11,"file":"node.js","function":"process._tickCallback","line":355,"method":"_tickCallback","native":false}],"stack":["Error: Connection lost: The server closed the connection.","    at Protocol.end (C:\\Users\\Administrator\\Documents\\node-app\\node_modules\\mysql\\lib\\protocol\\Protocol.js:103:13)","    at Socket.<anonymous> (C:\\Users\\Administrator\\Documents\\node-app\\node_modules\\mysql\\lib\\Connection.js:98:28)","    at Socket.emit (events.js:129:20)","    at _stream_readable.js:908:16","    at process._tickCallback (node.js:355:11)"],"level":"error","message":"uncaughtException: Connection lost: The server closed the connection.","timestamp":"2015-06-30T13:15:23.572Z"}
{"level":"info","message":"********************************************************","timestamp":"2015-07-05T12:07:23.647Z"}
{"level":"info","message":"********************************************************","timestamp":"2015-07-05T12:07:23.662Z"}
{"level":"info","message":"********************************************************","timestamp":"2015-07-05T12:07:23.662Z"}
{"level":"info","message":"Eclipse sub_web server - high scores - start up process","timestamp":"2015-07-05T12:07:23.662Z"}
{"level":"info","message":"Express server mode initialized","timestamp":"2015-07-05T12:07:23.662Z"}
{"level":"info","message":"Initialize database connection","timestamp":"2015-07-05T12:07:23.662Z"}
{"level":"info","message":"Database connection initialized","timestamp":"2015-07-05T12:07:23.662Z"}
{"level":"info","message":"Database connection attempted","timestamp":"2015-07-05T12:07:23.662Z"}
{"level":"info","message":"using bodyParser()","timestamp":"2015-07-05T12:07:23.662Z"}
{"level":"info","message":"using bodyParser.text()","timestamp":"2015-07-05T12:07:23.772Z"}
{"level":"info","message":"initialize HTML directory","timestamp":"2015-07-05T12:07:23.772Z"}
{"level":"info","message":"initialized HTML directory","timestamp":"2015-07-05T12:07:23.772Z"}
{"level":"info","message":"Server running at http://172.31.16.218:8080/","timestamp":"2015-07-05T12:07:23.772Z"}
{"level":"info","message":"Database connection success - connected","timestamp":"2015-07-05T12:07:23.881Z"}
{"level":"info","message":"********************************************************","timestamp":"2015-07-05T12:08:47.825Z"}
{"level":"info","message":"********************************************************","timestamp":"2015-07-05T12:08:47.841Z"}
{"level":"info","message":"********************************************************","timestamp":"2015-07-05T12:08:47.841Z"}
{"level":"info","message":"Eclipse sub_web server - high scores - start up process","timestamp":"2015-07-05T12:08:47.841Z"}
{"level":"info","message":"Express server mode initialized","timestamp":"2015-07-05T12:08:47.841Z"}
{"level":"info","message":"Initialize database connection","timestamp":"2015-07-05T12:08:47.841Z"}
{"level":"info","message":"Database connection initialized","timestamp":"2015-07-05T12:08:47.841Z"}
{"level":"info","message":"Database connection attempted","timestamp":"2015-07-05T12:08:47.841Z"}
{"level":"info","message":"using bodyParser()","timestamp":"2015-07-05T12:08:47.841Z"}
{"level":"info","message":"using bodyParser.text()","timestamp":"2015-07-05T12:08:47.887Z"}
{"level":"info","message":"initialize HTML directory","timestamp":"2015-07-05T12:08:47.887Z"}
{"level":"info","message":"initialized HTML directory","timestamp":"2015-07-05T12:08:47.887Z"}
{"level":"info","message":"Server running at http://172.31.16.218:8080/","timestamp":"2015-07-05T12:08:47.887Z"}
{"level":"info","message":"Database connection success - connected","timestamp":"2015-07-05T12:08:47.919Z"}
{"level":"info","message":"Website POST get highscores request received","timestamp":"2015-07-05T12:08:50.149Z"}
{"level":"info","message":"select highscores query executed successfully","timestamp":"2015-07-05T12:08:50.274Z"}
{"level":"info","message":"response was sent","timestamp":"2015-07-05T12:08:50.274Z"}
{"level":"info","message":"********************************************************","timestamp":"2015-07-06T04:42:48.614Z"}
{"level":"info","message":"********************************************************","timestamp":"2015-07-06T04:42:48.614Z"}
{"level":"info","message":"********************************************************","timestamp":"2015-07-06T04:42:48.614Z"}
{"level":"info","message":"Eclipse sub_web server - high scores - start up process","timestamp":"2015-07-06T04:42:48.614Z"}
{"level":"info","message":"Express server mode initialized","timestamp":"2015-07-06T04:42:48.614Z"}
{"level":"info","message":"Initialize database connection","timestamp":"2015-07-06T04:42:48.614Z"}
{"level":"info","message":"Database connection initialized","timestamp":"2015-07-06T04:42:48.630Z"}
{"level":"info","message":"Database connection attempted","timestamp":"2015-07-06T04:42:48.630Z"}
{"level":"info","message":"using bodyParser()","timestamp":"2015-07-06T04:42:48.630Z"}
{"level":"info","message":"using bodyParser.text()","timestamp":"2015-07-06T04:42:48.677Z"}
{"level":"info","message":"initialize HTML directory","timestamp":"2015-07-06T04:42:48.677Z"}
{"level":"info","message":"initialized HTML directory","timestamp":"2015-07-06T04:42:48.677Z"}
{"level":"info","message":"Server running at http://172.31.16.218:8080/","timestamp":"2015-07-06T04:42:48.677Z"}
{"level":"info","message":"Database connection success - connected","timestamp":"2015-07-06T04:42:48.692Z"}
{"date":"Mon Jul 06 2015 12:42:49 GMT+0000 (Coordinated Universal Time)","process":{"pid":1396,"uid":null,"gid":null,"cwd":"C:\\Users\\Administrator\\Documents\\node-app","execPath":"C:\\Program Files (x86)\\nodejs\\node.exe","version":"v0.12.2","argv":["node","C:\\Users\\Administrator\\Documents\\node-app\\eclipse_gamestats_server.js"],"memoryUsage":{"rss":10133504,"heapTotal":19831808,"heapUsed":11151216}},"os":{"loadavg":[0,0,0],"uptime":2531216.4233484},"trace":[{"column":13,"file":"C:\\Users\\Administrator\\Documents\\node-app\\node_modules\\mysql\\lib\\protocol\\Protocol.js","function":"Protocol.end","line":103,"method":"end","native":false},{"column":28,"file":"C:\\Users\\Administrator\\Documents\\node-app\\node_modules\\mysql\\lib\\Connection.js","function":"","line":98,"method":null,"native":false},{"column":20,"file":"events.js","function":"Socket.emit","line":129,"method":"emit","native":false},{"column":16,"file":"_stream_readable.js","function":null,"line":908,"method":null,"native":false},{"column":11,"file":"node.js","function":"process._tickCallback","line":355,"method":"_tickCallback","native":false}],"stack":["Error: Connection lost: The server closed the connection.","    at Protocol.end (C:\\Users\\Administrator\\Documents\\node-app\\node_modules\\mysql\\lib\\protocol\\Protocol.js:103:13)","    at Socket.<anonymous> (C:\\Users\\Administrator\\Documents\\node-app\\node_modules\\mysql\\lib\\Connection.js:98:28)","    at Socket.emit (events.js:129:20)","    at _stream_readable.js:908:16","    at process._tickCallback (node.js:355:11)"],"level":"error","message":"uncaughtException: Connection lost: The server closed the connection.","timestamp":"2015-07-06T12:42:49.534Z"}
{"level":"info","message":"********************************************************","timestamp":"2015-07-16T13:04:32.006Z"}
{"level":"info","message":"********************************************************","timestamp":"2015-07-16T13:04:32.021Z"}
{"level":"info","message":"********************************************************","timestamp":"2015-07-16T13:04:32.021Z"}
{"level":"info","message":"Eclipse sub_web server - high scores - start up process","timestamp":"2015-07-16T13:04:32.021Z"}
{"level":"info","message":"Express server mode initialized","timestamp":"2015-07-16T13:04:32.021Z"}
{"level":"info","message":"Initialize database connection","timestamp":"2015-07-16T13:04:32.021Z"}
{"level":"info","message":"Database connection initialized","timestamp":"2015-07-16T13:04:32.021Z"}
{"level":"info","message":"Database connection attempted","timestamp":"2015-07-16T13:04:32.021Z"}
{"level":"info","message":"using bodyParser()","timestamp":"2015-07-16T13:04:32.021Z"}
{"level":"info","message":"using bodyParser.text()","timestamp":"2015-07-16T13:04:32.068Z"}
{"level":"info","message":"initialize HTML directory","timestamp":"2015-07-16T13:04:32.068Z"}
{"level":"info","message":"initialized HTML directory","timestamp":"2015-07-16T13:04:32.068Z"}
{"level":"info","message":"Server running at http://172.31.16.218:8080/","timestamp":"2015-07-16T13:04:32.068Z"}
{"level":"info","message":"Database connection success - connected","timestamp":"2015-07-16T13:04:32.084Z"}
{"date":"Thu Jul 16 2015 21:04:32 GMT+0000 (Coordinated Universal Time)","process":{"pid":3924,"uid":null,"gid":null,"cwd":"C:\\Users\\Administrator\\Documents\\node-app","execPath":"C:\\Program Files (x86)\\nodejs\\node.exe","version":"v0.12.2","argv":["node","C:\\Users\\Administrator\\Documents\\node-app\\eclipse_gamestats_server.js"],"memoryUsage":{"rss":29229056,"heapTotal":19831808,"heapUsed":11095776}},"os":{"loadavg":[0,0,0],"uptime":3425345.5617087},"trace":[{"column":13,"file":"C:\\Users\\Administrator\\Documents\\node-app\\node_modules\\mysql\\lib\\protocol\\Protocol.js","function":"Protocol.end","line":103,"method":"end","native":false},{"column":28,"file":"C:\\Users\\Administrator\\Documents\\node-app\\node_modules\\mysql\\lib\\Connection.js","function":"","line":98,"method":null,"native":false},{"column":20,"file":"events.js","function":"Socket.emit","line":129,"method":"emit","native":false},{"column":16,"file":"_stream_readable.js","function":null,"line":908,"method":null,"native":false},{"column":11,"file":"node.js","function":"process._tickCallback","line":355,"method":"_tickCallback","native":false}],"stack":["Error: Connection lost: The server closed the connection.","    at Protocol.end (C:\\Users\\Administrator\\Documents\\node-app\\node_modules\\mysql\\lib\\protocol\\Protocol.js:103:13)","    at Socket.<anonymous> (C:\\Users\\Administrator\\Documents\\node-app\\node_modules\\mysql\\lib\\Connection.js:98:28)","    at Socket.emit (events.js:129:20)","    at _stream_readable.js:908:16","    at process._tickCallback (node.js:355:11)"],"level":"error","message":"uncaughtException: Connection lost: The server closed the connection.","timestamp":"2015-07-16T21:04:32.816Z"}
{"level":"info","message":"********************************************************","timestamp":"2015-07-23T06:18:57.978Z"}
{"level":"info","message":"********************************************************","timestamp":"2015-07-23T06:18:57.978Z"}
{"level":"info","message":"********************************************************","timestamp":"2015-07-23T06:18:57.978Z"}
{"level":"info","message":"Eclipse sub_web server - high scores - start up process","timestamp":"2015-07-23T06:18:57.978Z"}
{"level":"info","message":"Express server mode initialized","timestamp":"2015-07-23T06:18:57.978Z"}
{"level":"info","message":"Initialize database connection","timestamp":"2015-07-23T06:18:57.978Z"}
{"level":"info","message":"Database connection initialized","timestamp":"2015-07-23T06:18:57.978Z"}
{"level":"info","message":"Database connection attempted","timestamp":"2015-07-23T06:18:57.978Z"}
{"level":"info","message":"using bodyParser()","timestamp":"2015-07-23T06:18:57.994Z"}
{"level":"info","message":"using bodyParser.text()","timestamp":"2015-07-23T06:18:58.041Z"}
{"level":"info","message":"initialize HTML directory","timestamp":"2015-07-23T06:18:58.041Z"}
{"level":"info","message":"initialized HTML directory","timestamp":"2015-07-23T06:18:58.041Z"}
{"level":"info","message":"Server running at http://172.31.16.218:8080/","timestamp":"2015-07-23T06:18:58.041Z"}
{"level":"info","message":"Database connection success - connected","timestamp":"2015-07-23T06:18:58.056Z"}
{"date":"Thu Jul 23 2015 14:18:58 GMT+0000 (Coordinated Universal Time)","process":{"pid":1924,"uid":null,"gid":null,"cwd":"C:\\Users\\Administrator\\Documents\\node-app","execPath":"C:\\Program Files (x86)\\nodejs\\node.exe","version":"v0.12.2","argv":["node","C:\\Users\\Administrator\\Documents\\node-app\\eclipse_gamestats_server.js"],"memoryUsage":{"rss":29184000,"heapTotal":19831808,"heapUsed":11051876}},"os":{"loadavg":[0,0,0],"uptime":4005827.9971261},"trace":[{"column":13,"file":"C:\\Users\\Administrator\\Documents\\node-app\\node_modules\\mysql\\lib\\protocol\\Protocol.js","function":"Protocol.end","line":103,"method":"end","native":false},{"column":28,"file":"C:\\Users\\Administrator\\Documents\\node-app\\node_modules\\mysql\\lib\\Connection.js","function":"","line":98,"method":null,"native":false},{"column":20,"file":"events.js","function":"Socket.emit","line":129,"method":"emit","native":false},{"column":16,"file":"_stream_readable.js","function":null,"line":908,"method":null,"native":false},{"column":11,"file":"node.js","function":"process._tickCallback","line":355,"method":"_tickCallback","native":false}],"stack":["Error: Connection lost: The server closed the connection.","    at Protocol.end (C:\\Users\\Administrator\\Documents\\node-app\\node_modules\\mysql\\lib\\protocol\\Protocol.js:103:13)","    at Socket.<anonymous> (C:\\Users\\Administrator\\Documents\\node-app\\node_modules\\mysql\\lib\\Connection.js:98:28)","    at Socket.emit (events.js:129:20)","    at _stream_readable.js:908:16","    at process._tickCallback (node.js:355:11)"],"level":"error","message":"uncaughtException: Connection lost: The server closed the connection.","timestamp":"2015-07-23T14:18:58.773Z"}
{"level":"info","message":"********************************************************","timestamp":"2015-07-27T08:45:42.829Z"}
{"level":"info","message":"********************************************************","timestamp":"2015-07-27T08:45:42.829Z"}
{"level":"info","message":"********************************************************","timestamp":"2015-07-27T08:45:42.829Z"}
{"level":"info","message":"Eclipse sub_web server - high scores - start up process","timestamp":"2015-07-27T08:45:42.829Z"}
{"level":"info","message":"Express server mode initialized","timestamp":"2015-07-27T08:45:42.829Z"}
{"level":"info","message":"Initialize database connection","timestamp":"2015-07-27T08:45:42.829Z"}
{"level":"info","message":"Database connection initialized","timestamp":"2015-07-27T08:45:42.829Z"}
{"level":"info","message":"Database connection attempted","timestamp":"2015-07-27T08:45:42.829Z"}
{"level":"info","message":"using bodyParser()","timestamp":"2015-07-27T08:45:42.829Z"}
{"level":"info","message":"using bodyParser.text()","timestamp":"2015-07-27T08:45:42.892Z"}
{"level":"info","message":"initialize HTML directory","timestamp":"2015-07-27T08:45:42.892Z"}
{"level":"info","message":"initialized HTML directory","timestamp":"2015-07-27T08:45:42.892Z"}
{"level":"info","message":"Server running at http://172.31.16.218:8080/","timestamp":"2015-07-27T08:45:42.892Z"}
{"level":"info","message":"Database connection success - connected","timestamp":"2015-07-27T08:45:42.907Z"}
{"date":"Mon Jul 27 2015 16:45:43 GMT+0000 (Coordinated Universal Time)","process":{"pid":4752,"uid":null,"gid":null,"cwd":"C:\\Users\\Administrator\\Documents\\node-app","execPath":"C:\\Program Files (x86)\\nodejs\\node.exe","version":"v0.12.2","argv":["node","C:\\Users\\Administrator\\Documents\\node-app\\eclipse_gamestats_server.js"],"memoryUsage":{"rss":9461760,"heapTotal":19831808,"heapUsed":11059376}},"os":{"loadavg":[0,0,0],"uptime":4360242.3009981},"trace":[{"column":13,"file":"C:\\Users\\Administrator\\Documents\\node-app\\node_modules\\mysql\\lib\\protocol\\Protocol.js","function":"Protocol.end","line":103,"method":"end","native":false},{"column":28,"file":"C:\\Users\\Administrator\\Documents\\node-app\\node_modules\\mysql\\lib\\Connection.js","function":"","line":98,"method":null,"native":false},{"column":20,"file":"events.js","function":"Socket.emit","line":129,"method":"emit","native":false},{"column":16,"file":"_stream_readable.js","function":null,"line":908,"method":null,"native":false},{"column":11,"file":"node.js","function":"process._tickCallback","line":355,"method":"_tickCallback","native":false}],"stack":["Error: Connection lost: The server closed the connection.","    at Protocol.end (C:\\Users\\Administrator\\Documents\\node-app\\node_modules\\mysql\\lib\\protocol\\Protocol.js:103:13)","    at Socket.<anonymous> (C:\\Users\\Administrator\\Documents\\node-app\\node_modules\\mysql\\lib\\Connection.js:98:28)","    at Socket.emit (events.js:129:20)","    at _stream_readable.js:908:16","    at process._tickCallback (node.js:355:11)"],"level":"error","message":"uncaughtException: Connection lost: The server closed the connection.","timestamp":"2015-07-27T16:45:43.641Z"}
{"level":"info","message":"********************************************************","timestamp":"2015-07-28T07:07:22.647Z"}
{"level":"info","message":"********************************************************","timestamp":"2015-07-28T07:07:22.647Z"}
{"level":"info","message":"********************************************************","timestamp":"2015-07-28T07:07:22.647Z"}
{"level":"info","message":"Eclipse sub_web server - high scores - start up process","timestamp":"2015-07-28T07:07:22.647Z"}
{"level":"info","message":"Express server mode initialized","timestamp":"2015-07-28T07:07:22.647Z"}
{"level":"info","message":"Initialize database connection","timestamp":"2015-07-28T07:07:22.647Z"}
{"level":"info","message":"Database connection initialized","timestamp":"2015-07-28T07:07:22.647Z"}
{"level":"info","message":"Database connection attempted","timestamp":"2015-07-28T07:07:22.647Z"}
{"level":"info","message":"using bodyParser()","timestamp":"2015-07-28T07:07:22.663Z"}
{"level":"info","message":"using bodyParser.text()","timestamp":"2015-07-28T07:07:22.819Z"}
{"level":"info","message":"initialize HTML directory","timestamp":"2015-07-28T07:07:22.835Z"}
{"level":"info","message":"initialized HTML directory","timestamp":"2015-07-28T07:07:22.835Z"}
{"level":"info","message":"Server running at http://172.31.16.218:8080/","timestamp":"2015-07-28T07:07:22.835Z"}
{"level":"info","message":"Database connection success - connected","timestamp":"2015-07-28T07:07:22.975Z"}
{"date":"Tue Jul 28 2015 15:07:23 GMT+0000 (Coordinated Universal Time)","process":{"pid":640,"uid":null,"gid":null,"cwd":"C:\\Users\\Administrator\\Documents\\node-app","execPath":"C:\\Program Files (x86)\\nodejs\\node.exe","version":"v0.12.2","argv":["node","C:\\Users\\Administrator\\Documents\\node-app\\eclipse_gamestats_server.js"],"memoryUsage":{"rss":29593600,"heapTotal":19831808,"heapUsed":11270416}},"os":{"loadavg":[0,0,0],"uptime":4440744.7606362},"trace":[{"column":13,"file":"C:\\Users\\Administrator\\Documents\\node-app\\node_modules\\mysql\\lib\\protocol\\Protocol.js","function":"Protocol.end","line":103,"method":"end","native":false},{"column":28,"file":"C:\\Users\\Administrator\\Documents\\node-app\\node_modules\\mysql\\lib\\Connection.js","function":"","line":98,"method":null,"native":false},{"column":20,"file":"events.js","function":"Socket.emit","line":129,"method":"emit","native":false},{"column":16,"file":"_stream_readable.js","function":null,"line":908,"method":null,"native":false},{"column":11,"file":"node.js","function":"process._tickCallback","line":355,"method":"_tickCallback","native":false}],"stack":["Error: Connection lost: The server closed the connection.","    at Protocol.end (C:\\Users\\Administrator\\Documents\\node-app\\node_modules\\mysql\\lib\\protocol\\Protocol.js:103:13)","    at Socket.<anonymous> (C:\\Users\\Administrator\\Documents\\node-app\\node_modules\\mysql\\lib\\Connection.js:98:28)","    at Socket.emit (events.js:129:20)","    at _stream_readable.js:908:16","    at process._tickCallback (node.js:355:11)"],"level":"error","message":"uncaughtException: Connection lost: The server closed the connection.","timestamp":"2015-07-28T15:07:23.708Z"}
{"level":"info","message":"********************************************************","timestamp":"2015-08-02T08:42:35.975Z"}
{"level":"info","message":"********************************************************","timestamp":"2015-08-02T08:42:35.975Z"}
{"level":"info","message":"********************************************************","timestamp":"2015-08-02T08:42:35.975Z"}
{"level":"info","message":"Eclipse sub_web server - high scores - start up process","timestamp":"2015-08-02T08:42:35.975Z"}
{"level":"info","message":"Express server mode initialized","timestamp":"2015-08-02T08:42:35.975Z"}
{"level":"info","message":"Initialize database connection","timestamp":"2015-08-02T08:42:35.975Z"}
{"level":"info","message":"Database connection initialized","timestamp":"2015-08-02T08:42:35.975Z"}
{"level":"info","message":"Database connection attempted","timestamp":"2015-08-02T08:42:35.975Z"}
{"level":"info","message":"using bodyParser()","timestamp":"2015-08-02T08:42:35.990Z"}
{"level":"info","message":"using bodyParser.text()","timestamp":"2015-08-02T08:42:36.037Z"}
{"level":"info","message":"initialize HTML directory","timestamp":"2015-08-02T08:42:36.037Z"}
{"level":"info","message":"initialized HTML directory","timestamp":"2015-08-02T08:42:36.037Z"}
{"level":"info","message":"Server running at http://172.31.16.218:8080/","timestamp":"2015-08-02T08:42:36.037Z"}
{"level":"info","message":"Database connection success - connected","timestamp":"2015-08-02T08:42:36.053Z"}
{"date":"Sun Aug 02 2015 16:42:36 GMT+0000 (Coordinated Universal Time)","process":{"pid":3644,"uid":null,"gid":null,"cwd":"C:\\Users\\Administrator\\Documents\\node-app","execPath":"C:\\Program Files (x86)\\nodejs\\node.exe","version":"v0.12.2","argv":["node","C:\\Users\\Administrator\\Documents\\node-app\\eclipse_gamestats_server.js"],"memoryUsage":{"rss":9748480,"heapTotal":19831808,"heapUsed":11305412}},"os":{"loadavg":[0,0,0],"uptime":4878469.5733459},"trace":[{"column":13,"file":"C:\\Users\\Administrator\\Documents\\node-app\\node_modules\\mysql\\lib\\protocol\\Protocol.js","function":"Protocol.end","line":103,"method":"end","native":false},{"column":28,"file":"C:\\Users\\Administrator\\Documents\\node-app\\node_modules\\mysql\\lib\\Connection.js","function":"","line":98,"method":null,"native":false},{"column":20,"file":"events.js","function":"Socket.emit","line":129,"method":"emit","native":false},{"column":16,"file":"_stream_readable.js","function":null,"line":908,"method":null,"native":false},{"column":11,"file":"node.js","function":"process._tickCallback","line":355,"method":"_tickCallback","native":false}],"stack":["Error: Connection lost: The server closed the connection.","    at Protocol.end (C:\\Users\\Administrator\\Documents\\node-app\\node_modules\\mysql\\lib\\protocol\\Protocol.js:103:13)","    at Socket.<anonymous> (C:\\Users\\Administrator\\Documents\\node-app\\node_modules\\mysql\\lib\\Connection.js:98:28)","    at Socket.emit (events.js:129:20)","    at _stream_readable.js:908:16","    at process._tickCallback (node.js:355:11)"],"level":"error","message":"uncaughtException: Connection lost: The server closed the connection.","timestamp":"2015-08-02T16:42:36.785Z"}
{"level":"info","message":"********************************************************","timestamp":"2015-08-03T10:30:34.449Z"}
{"level":"info","message":"********************************************************","timestamp":"2015-08-03T10:30:34.465Z"}
{"level":"info","message":"********************************************************","timestamp":"2015-08-03T10:30:34.465Z"}
{"level":"info","message":"Eclipse sub_web server - high scores - start up process","timestamp":"2015-08-03T10:30:34.465Z"}
{"level":"info","message":"Express server mode initialized","timestamp":"2015-08-03T10:30:34.465Z"}
{"level":"info","message":"Initialize database connection","timestamp":"2015-08-03T10:30:34.465Z"}
{"level":"info","message":"Database connection initialized","timestamp":"2015-08-03T10:30:34.465Z"}
{"level":"info","message":"Database connection attempted","timestamp":"2015-08-03T10:30:34.465Z"}
{"level":"info","message":"using bodyParser()","timestamp":"2015-08-03T10:30:34.465Z"}
{"level":"info","message":"using bodyParser.text()","timestamp":"2015-08-03T10:30:34.621Z"}
{"level":"info","message":"initialize HTML directory","timestamp":"2015-08-03T10:30:34.621Z"}
{"level":"info","message":"initialized HTML directory","timestamp":"2015-08-03T10:30:34.621Z"}
{"level":"info","message":"Server running at http://172.31.16.218:8080/","timestamp":"2015-08-03T10:30:34.621Z"}
{"level":"info","message":"Database connection success - connected","timestamp":"2015-08-03T10:30:34.746Z"}
{"date":"Mon Aug 03 2015 18:30:35 GMT+0000 (Coordinated Universal Time)","process":{"pid":3464,"uid":null,"gid":null,"cwd":"C:\\Users\\Administrator\\Documents\\node-app","execPath":"C:\\Program Files (x86)\\nodejs\\node.exe","version":"v0.12.2","argv":["node","C:\\Users\\Administrator\\Documents\\node-app\\eclipse_gamestats_server.js"],"memoryUsage":{"rss":29442048,"heapTotal":19831808,"heapUsed":11129928}},"os":{"loadavg":[0,0,0],"uptime":4971350.6187334},"trace":[{"column":13,"file":"C:\\Users\\Administrator\\Documents\\node-app\\node_modules\\mysql\\lib\\protocol\\Protocol.js","function":"Protocol.end","line":103,"method":"end","native":false},{"column":28,"file":"C:\\Users\\Administrator\\Documents\\node-app\\node_modules\\mysql\\lib\\Connection.js","function":"","line":98,"method":null,"native":false},{"column":20,"file":"events.js","function":"Socket.emit","line":129,"method":"emit","native":false},{"column":16,"file":"_stream_readable.js","function":null,"line":908,"method":null,"native":false},{"column":11,"file":"node.js","function":"process._tickCallback","line":355,"method":"_tickCallback","native":false}],"stack":["Error: Connection lost: The server closed the connection.","    at Protocol.end (C:\\Users\\Administrator\\Documents\\node-app\\node_modules\\mysql\\lib\\protocol\\Protocol.js:103:13)","    at Socket.<anonymous> (C:\\Users\\Administrator\\Documents\\node-app\\node_modules\\mysql\\lib\\Connection.js:98:28)","    at Socket.emit (events.js:129:20)","    at _stream_readable.js:908:16","    at process._tickCallback (node.js:355:11)"],"level":"error","message":"uncaughtException: Connection lost: The server closed the connection.","timestamp":"2015-08-03T18:30:35.478Z"}
{"level":"info","message":"********************************************************","timestamp":"2015-08-05T16:55:34.818Z"}
{"level":"info","message":"********************************************************","timestamp":"2015-08-05T16:55:34.818Z"}
{"level":"info","message":"********************************************************","timestamp":"2015-08-05T16:55:34.834Z"}
{"level":"info","message":"Eclipse sub_web server - high scores - start up process","timestamp":"2015-08-05T16:55:34.834Z"}
{"level":"info","message":"Express server mode initialized","timestamp":"2015-08-05T16:55:34.834Z"}
{"level":"info","message":"Initialize database connection","timestamp":"2015-08-05T16:55:34.834Z"}
{"level":"info","message":"Database connection initialized","timestamp":"2015-08-05T16:55:34.834Z"}
{"level":"info","message":"Database connection attempted","timestamp":"2015-08-05T16:55:34.834Z"}
{"level":"info","message":"using bodyParser()","timestamp":"2015-08-05T16:55:34.834Z"}
{"level":"info","message":"using bodyParser.text()","timestamp":"2015-08-05T16:55:34.959Z"}
{"level":"info","message":"initialize HTML directory","timestamp":"2015-08-05T16:55:34.959Z"}
{"level":"info","message":"initialized HTML directory","timestamp":"2015-08-05T16:55:34.959Z"}
{"level":"info","message":"Server running at http://172.31.16.218:8080/","timestamp":"2015-08-05T16:55:34.959Z"}
{"level":"info","message":"Database connection success - connected","timestamp":"2015-08-05T16:55:35.099Z"}
{"date":"Thu Aug 06 2015 00:55:36 GMT+0000 (Coordinated Universal Time)","process":{"pid":2272,"uid":null,"gid":null,"cwd":"C:\\Users\\Administrator\\Documents\\node-app","execPath":"C:\\Program Files (x86)\\nodejs\\node.exe","version":"v0.12.2","argv":["node","C:\\Users\\Administrator\\Documents\\node-app\\eclipse_gamestats_server.js"],"memoryUsage":{"rss":5877760,"heapTotal":19831808,"heapUsed":11114068}},"os":{"loadavg":[0,0,0],"uptime":5167255.9413287},"trace":[{"column":13,"file":"C:\\Users\\Administrator\\Documents\\node-app\\node_modules\\mysql\\lib\\protocol\\Protocol.js","function":"Protocol.end","line":103,"method":"end","native":false},{"column":28,"file":"C:\\Users\\Administrator\\Documents\\node-app\\node_modules\\mysql\\lib\\Connection.js","function":"","line":98,"method":null,"native":false},{"column":20,"file":"events.js","function":"Socket.emit","line":129,"method":"emit","native":false},{"column":16,"file":"_stream_readable.js","function":null,"line":908,"method":null,"native":false},{"column":11,"file":"node.js","function":"process._tickCallback","line":355,"method":"_tickCallback","native":false}],"stack":["Error: Connection lost: The server closed the connection.","    at Protocol.end (C:\\Users\\Administrator\\Documents\\node-app\\node_modules\\mysql\\lib\\protocol\\Protocol.js:103:13)","    at Socket.<anonymous> (C:\\Users\\Administrator\\Documents\\node-app\\node_modules\\mysql\\lib\\Connection.js:98:28)","    at Socket.emit (events.js:129:20)","    at _stream_readable.js:908:16","    at process._tickCallback (node.js:355:11)"],"level":"error","message":"uncaughtException: Connection lost: The server closed the connection.","timestamp":"2015-08-06T00:55:36.160Z"}
{"level":"info","message":"********************************************************","timestamp":"2015-08-14T08:29:06.664Z"}
{"level":"info","message":"********************************************************","timestamp":"2015-08-14T08:29:06.664Z"}
{"level":"info","message":"********************************************************","timestamp":"2015-08-14T08:29:06.664Z"}
{"level":"info","message":"Eclipse sub_web server - high scores - start up process","timestamp":"2015-08-14T08:29:06.664Z"}
{"level":"info","message":"Express server mode initialized","timestamp":"2015-08-14T08:29:06.664Z"}
{"level":"info","message":"Initialize database connection","timestamp":"2015-08-14T08:29:06.664Z"}
{"level":"info","message":"Database connection initialized","timestamp":"2015-08-14T08:29:06.664Z"}
{"level":"info","message":"Database connection attempted","timestamp":"2015-08-14T08:29:06.664Z"}
{"level":"info","message":"using bodyParser()","timestamp":"2015-08-14T08:29:06.664Z"}
{"level":"info","message":"using bodyParser.text()","timestamp":"2015-08-14T08:29:06.726Z"}
{"level":"info","message":"initialize HTML directory","timestamp":"2015-08-14T08:29:06.742Z"}
{"level":"info","message":"initialized HTML directory","timestamp":"2015-08-14T08:29:06.742Z"}
{"level":"info","message":"Server running at http://172.31.16.218:8080/","timestamp":"2015-08-14T08:29:06.742Z"}
{"level":"info","message":"Database connection success - connected","timestamp":"2015-08-14T08:29:06.757Z"}
{"date":"Fri Aug 14 2015 16:29:07 GMT+0000 (Coordinated Universal Time)","process":{"pid":4168,"uid":null,"gid":null,"cwd":"C:\\Users\\Administrator\\Documents\\node-app","execPath":"C:\\Program Files (x86)\\nodejs\\node.exe","version":"v0.12.2","argv":["node","C:\\Users\\Administrator\\Documents\\node-app\\eclipse_gamestats_server.js"],"memoryUsage":{"rss":9388032,"heapTotal":19831808,"heapUsed":10928956}},"os":{"loadavg":[0,0,0],"uptime":5914488.3760495},"trace":[{"column":13,"file":"C:\\Users\\Administrator\\Documents\\node-app\\node_modules\\mysql\\lib\\protocol\\Protocol.js","function":"Protocol.end","line":103,"method":"end","native":false},{"column":28,"file":"C:\\Users\\Administrator\\Documents\\node-app\\node_modules\\mysql\\lib\\Connection.js","function":"","line":98,"method":null,"native":false},{"column":20,"file":"events.js","function":"Socket.emit","line":129,"method":"emit","native":false},{"column":16,"file":"_stream_readable.js","function":null,"line":908,"method":null,"native":false},{"column":11,"file":"node.js","function":"process._tickCallback","line":355,"method":"_tickCallback","native":false}],"stack":["Error: Connection lost: The server closed the connection.","    at Protocol.end (C:\\Users\\Administrator\\Documents\\node-app\\node_modules\\mysql\\lib\\protocol\\Protocol.js:103:13)","    at Socket.<anonymous> (C:\\Users\\Administrator\\Documents\\node-app\\node_modules\\mysql\\lib\\Connection.js:98:28)","    at Socket.emit (events.js:129:20)","    at _stream_readable.js:908:16","    at process._tickCallback (node.js:355:11)"],"level":"error","message":"uncaughtException: Connection lost: The server closed the connection.","timestamp":"2015-08-14T16:29:07.490Z"}
